[2025-11-04T00:02:39.565+0000] {processor.py:186} INFO - Started process (PID=24) to work on /opt/airflow/dags/dag_lineal.py
[2025-11-04T00:02:39.573+0000] {processor.py:914} INFO - Processing file /opt/airflow/dags/dag_lineal.py for tasks to queue
[2025-11-04T00:02:39.596+0000] {logging_mixin.py:190} INFO - [2025-11-04T00:02:39.594+0000] {dagbag.py:588} INFO - Filling up the DagBag from /opt/airflow/dags/dag_lineal.py
[2025-11-04T00:02:42.450+0000] {processor.py:925} INFO - DAG(s) 'hiring_lineal' retrieved from /opt/airflow/dags/dag_lineal.py
[2025-11-04T00:02:42.494+0000] {logging_mixin.py:190} INFO - [2025-11-04T00:02:42.494+0000] {dag.py:3239} INFO - Sync 1 DAGs
[2025-11-04T00:02:42.513+0000] {logging_mixin.py:190} INFO - [2025-11-04T00:02:42.513+0000] {dag.py:4180} INFO - Setting next_dagrun for hiring_lineal to None, run_after=None
[2025-11-04T00:02:42.609+0000] {processor.py:208} INFO - Processing /opt/airflow/dags/dag_lineal.py took 3.094 seconds
[2025-11-04T00:03:13.613+0000] {processor.py:186} INFO - Started process (PID=195) to work on /opt/airflow/dags/dag_lineal.py
[2025-11-04T00:03:13.614+0000] {processor.py:914} INFO - Processing file /opt/airflow/dags/dag_lineal.py for tasks to queue
[2025-11-04T00:03:13.618+0000] {logging_mixin.py:190} INFO - [2025-11-04T00:03:13.617+0000] {dagbag.py:588} INFO - Filling up the DagBag from /opt/airflow/dags/dag_lineal.py
[2025-11-04T00:03:14.681+0000] {processor.py:925} INFO - DAG(s) 'hiring_lineal' retrieved from /opt/airflow/dags/dag_lineal.py
[2025-11-04T00:03:14.712+0000] {logging_mixin.py:190} INFO - [2025-11-04T00:03:14.712+0000] {dag.py:3239} INFO - Sync 1 DAGs
[2025-11-04T00:03:14.726+0000] {logging_mixin.py:190} INFO - [2025-11-04T00:03:14.726+0000] {dag.py:4180} INFO - Setting next_dagrun for hiring_lineal to None, run_after=None
[2025-11-04T00:03:14.790+0000] {processor.py:208} INFO - Processing /opt/airflow/dags/dag_lineal.py took 1.185 seconds
[2025-11-04T00:03:45.845+0000] {processor.py:186} INFO - Started process (PID=226) to work on /opt/airflow/dags/dag_lineal.py
[2025-11-04T00:03:45.847+0000] {processor.py:914} INFO - Processing file /opt/airflow/dags/dag_lineal.py for tasks to queue
[2025-11-04T00:03:45.852+0000] {logging_mixin.py:190} INFO - [2025-11-04T00:03:45.851+0000] {dagbag.py:588} INFO - Filling up the DagBag from /opt/airflow/dags/dag_lineal.py
[2025-11-04T00:03:46.973+0000] {processor.py:925} INFO - DAG(s) 'hiring_lineal' retrieved from /opt/airflow/dags/dag_lineal.py
[2025-11-04T00:03:47.002+0000] {logging_mixin.py:190} INFO - [2025-11-04T00:03:47.002+0000] {dag.py:3239} INFO - Sync 1 DAGs
[2025-11-04T00:03:47.015+0000] {logging_mixin.py:190} INFO - [2025-11-04T00:03:47.015+0000] {dag.py:4180} INFO - Setting next_dagrun for hiring_lineal to None, run_after=None
[2025-11-04T00:03:47.083+0000] {processor.py:208} INFO - Processing /opt/airflow/dags/dag_lineal.py took 1.248 seconds
[2025-11-04T00:04:17.746+0000] {processor.py:186} INFO - Started process (PID=257) to work on /opt/airflow/dags/dag_lineal.py
[2025-11-04T00:04:17.748+0000] {processor.py:914} INFO - Processing file /opt/airflow/dags/dag_lineal.py for tasks to queue
[2025-11-04T00:04:17.758+0000] {logging_mixin.py:190} INFO - [2025-11-04T00:04:17.757+0000] {dagbag.py:588} INFO - Filling up the DagBag from /opt/airflow/dags/dag_lineal.py
[2025-11-04T00:04:19.082+0000] {processor.py:925} INFO - DAG(s) 'hiring_lineal' retrieved from /opt/airflow/dags/dag_lineal.py
[2025-11-04T00:04:19.111+0000] {logging_mixin.py:190} INFO - [2025-11-04T00:04:19.110+0000] {dag.py:3239} INFO - Sync 1 DAGs
[2025-11-04T00:04:19.125+0000] {logging_mixin.py:190} INFO - [2025-11-04T00:04:19.125+0000] {dag.py:4180} INFO - Setting next_dagrun for hiring_lineal to None, run_after=None
[2025-11-04T00:04:19.219+0000] {processor.py:208} INFO - Processing /opt/airflow/dags/dag_lineal.py took 1.483 seconds
[2025-11-04T00:04:50.223+0000] {processor.py:186} INFO - Started process (PID=288) to work on /opt/airflow/dags/dag_lineal.py
[2025-11-04T00:04:50.225+0000] {processor.py:914} INFO - Processing file /opt/airflow/dags/dag_lineal.py for tasks to queue
[2025-11-04T00:04:50.232+0000] {logging_mixin.py:190} INFO - [2025-11-04T00:04:50.232+0000] {dagbag.py:588} INFO - Filling up the DagBag from /opt/airflow/dags/dag_lineal.py
[2025-11-04T00:04:51.520+0000] {processor.py:925} INFO - DAG(s) 'hiring_lineal' retrieved from /opt/airflow/dags/dag_lineal.py
[2025-11-04T00:04:51.556+0000] {logging_mixin.py:190} INFO - [2025-11-04T00:04:51.555+0000] {dag.py:3239} INFO - Sync 1 DAGs
[2025-11-04T00:04:51.573+0000] {logging_mixin.py:190} INFO - [2025-11-04T00:04:51.572+0000] {dag.py:4180} INFO - Setting next_dagrun for hiring_lineal to None, run_after=None
[2025-11-04T00:04:51.783+0000] {processor.py:208} INFO - Processing /opt/airflow/dags/dag_lineal.py took 1.589 seconds
[2025-11-04T00:05:22.258+0000] {processor.py:186} INFO - Started process (PID=319) to work on /opt/airflow/dags/dag_lineal.py
[2025-11-04T00:05:22.263+0000] {processor.py:914} INFO - Processing file /opt/airflow/dags/dag_lineal.py for tasks to queue
[2025-11-04T00:05:22.267+0000] {logging_mixin.py:190} INFO - [2025-11-04T00:05:22.266+0000] {dagbag.py:588} INFO - Filling up the DagBag from /opt/airflow/dags/dag_lineal.py
[2025-11-04T00:05:23.537+0000] {processor.py:925} INFO - DAG(s) 'hiring_lineal' retrieved from /opt/airflow/dags/dag_lineal.py
[2025-11-04T00:05:23.576+0000] {logging_mixin.py:190} INFO - [2025-11-04T00:05:23.576+0000] {dag.py:3239} INFO - Sync 1 DAGs
[2025-11-04T00:05:23.724+0000] {logging_mixin.py:190} INFO - [2025-11-04T00:05:23.724+0000] {dag.py:4180} INFO - Setting next_dagrun for hiring_lineal to None, run_after=None
[2025-11-04T00:05:23.820+0000] {processor.py:208} INFO - Processing /opt/airflow/dags/dag_lineal.py took 1.569 seconds
[2025-11-04T00:05:54.698+0000] {processor.py:186} INFO - Started process (PID=350) to work on /opt/airflow/dags/dag_lineal.py
[2025-11-04T00:05:54.699+0000] {processor.py:914} INFO - Processing file /opt/airflow/dags/dag_lineal.py for tasks to queue
[2025-11-04T00:05:54.703+0000] {logging_mixin.py:190} INFO - [2025-11-04T00:05:54.702+0000] {dagbag.py:588} INFO - Filling up the DagBag from /opt/airflow/dags/dag_lineal.py
[2025-11-04T00:05:55.935+0000] {processor.py:925} INFO - DAG(s) 'hiring_lineal' retrieved from /opt/airflow/dags/dag_lineal.py
[2025-11-04T00:05:55.975+0000] {logging_mixin.py:190} INFO - [2025-11-04T00:05:55.974+0000] {dag.py:3239} INFO - Sync 1 DAGs
[2025-11-04T00:05:56.128+0000] {logging_mixin.py:190} INFO - [2025-11-04T00:05:56.128+0000] {dag.py:4180} INFO - Setting next_dagrun for hiring_lineal to None, run_after=None
[2025-11-04T00:05:56.204+0000] {processor.py:208} INFO - Processing /opt/airflow/dags/dag_lineal.py took 1.517 seconds
[2025-11-04T00:06:20.295+0000] {processor.py:186} INFO - Started process (PID=24) to work on /opt/airflow/dags/dag_lineal.py
[2025-11-04T00:06:20.297+0000] {processor.py:914} INFO - Processing file /opt/airflow/dags/dag_lineal.py for tasks to queue
[2025-11-04T00:06:20.302+0000] {logging_mixin.py:190} INFO - [2025-11-04T00:06:20.301+0000] {dagbag.py:588} INFO - Filling up the DagBag from /opt/airflow/dags/dag_lineal.py
[2025-11-04T00:06:21.936+0000] {processor.py:925} INFO - DAG(s) 'hiring_lineal' retrieved from /opt/airflow/dags/dag_lineal.py
[2025-11-04T00:06:21.987+0000] {logging_mixin.py:190} INFO - [2025-11-04T00:06:21.986+0000] {dag.py:3239} INFO - Sync 1 DAGs
[2025-11-04T00:06:22.016+0000] {logging_mixin.py:190} INFO - [2025-11-04T00:06:22.016+0000] {dag.py:4180} INFO - Setting next_dagrun for hiring_lineal to None, run_after=None
[2025-11-04T00:06:22.122+0000] {processor.py:208} INFO - Processing /opt/airflow/dags/dag_lineal.py took 1.843 seconds
[2025-11-04T00:06:54.271+0000] {processor.py:186} INFO - Started process (PID=162) to work on /opt/airflow/dags/dag_lineal.py
[2025-11-04T00:06:54.273+0000] {processor.py:914} INFO - Processing file /opt/airflow/dags/dag_lineal.py for tasks to queue
[2025-11-04T00:06:54.279+0000] {logging_mixin.py:190} INFO - [2025-11-04T00:06:54.278+0000] {dagbag.py:588} INFO - Filling up the DagBag from /opt/airflow/dags/dag_lineal.py
[2025-11-04T00:06:55.292+0000] {processor.py:925} INFO - DAG(s) 'hiring_lineal' retrieved from /opt/airflow/dags/dag_lineal.py
[2025-11-04T00:06:55.323+0000] {logging_mixin.py:190} INFO - [2025-11-04T00:06:55.323+0000] {dag.py:3239} INFO - Sync 1 DAGs
[2025-11-04T00:06:55.338+0000] {logging_mixin.py:190} INFO - [2025-11-04T00:06:55.337+0000] {dag.py:4180} INFO - Setting next_dagrun for hiring_lineal to None, run_after=None
[2025-11-04T00:06:55.410+0000] {processor.py:208} INFO - Processing /opt/airflow/dags/dag_lineal.py took 1.149 seconds
[2025-11-04T00:09:56.894+0000] {processor.py:186} INFO - Started process (PID=25) to work on /opt/airflow/dags/dag_lineal.py
[2025-11-04T00:09:56.896+0000] {processor.py:914} INFO - Processing file /opt/airflow/dags/dag_lineal.py for tasks to queue
[2025-11-04T00:09:56.902+0000] {logging_mixin.py:190} INFO - [2025-11-04T00:09:56.901+0000] {dagbag.py:588} INFO - Filling up the DagBag from /opt/airflow/dags/dag_lineal.py
[2025-11-04T00:09:57.105+0000] {processor.py:925} INFO - DAG(s) 'hiring_lineal' retrieved from /opt/airflow/dags/dag_lineal.py
[2025-11-04T00:09:57.137+0000] {logging_mixin.py:190} INFO - [2025-11-04T00:09:57.137+0000] {dag.py:3239} INFO - Sync 1 DAGs
[2025-11-04T00:09:57.153+0000] {logging_mixin.py:190} INFO - [2025-11-04T00:09:57.153+0000] {dag.py:4180} INFO - Setting next_dagrun for hiring_lineal to None, run_after=None
[2025-11-04T00:09:57.218+0000] {processor.py:208} INFO - Processing /opt/airflow/dags/dag_lineal.py took 1.659 seconds
[2025-11-04T00:11:23.606+0000] {processor.py:186} INFO - Started process (PID=25) to work on /opt/airflow/dags/dag_lineal.py
[2025-11-04T00:11:23.607+0000] {processor.py:914} INFO - Processing file /opt/airflow/dags/dag_lineal.py for tasks to queue
[2025-11-04T00:11:23.612+0000] {logging_mixin.py:190} INFO - [2025-11-04T00:11:23.611+0000] {dagbag.py:588} INFO - Filling up the DagBag from /opt/airflow/dags/dag_lineal.py
[2025-11-04T00:11:24.863+0000] {processor.py:925} INFO - DAG(s) 'hiring_lineal' retrieved from /opt/airflow/dags/dag_lineal.py
[2025-11-04T00:11:24.899+0000] {logging_mixin.py:190} INFO - [2025-11-04T00:11:24.899+0000] {dag.py:3239} INFO - Sync 1 DAGs
[2025-11-04T00:11:24.916+0000] {logging_mixin.py:190} INFO - [2025-11-04T00:11:24.916+0000] {dag.py:4180} INFO - Setting next_dagrun for hiring_lineal to None, run_after=None
[2025-11-04T00:11:24.988+0000] {processor.py:208} INFO - Processing /opt/airflow/dags/dag_lineal.py took 1.392 seconds
[2025-11-04T00:25:51.085+0000] {processor.py:186} INFO - Started process (PID=203) to work on /opt/airflow/dags/dag_lineal.py
[2025-11-04T00:25:51.087+0000] {processor.py:914} INFO - Processing file /opt/airflow/dags/dag_lineal.py for tasks to queue
[2025-11-04T00:25:51.089+0000] {logging_mixin.py:190} INFO - [2025-11-04T00:25:51.088+0000] {dagbag.py:588} INFO - Filling up the DagBag from /opt/airflow/dags/dag_lineal.py
[2025-11-04T00:25:52.111+0000] {processor.py:925} INFO - DAG(s) 'hiring_lineal' retrieved from /opt/airflow/dags/dag_lineal.py
[2025-11-04T00:25:52.144+0000] {logging_mixin.py:190} INFO - [2025-11-04T00:25:52.144+0000] {dag.py:3239} INFO - Sync 1 DAGs
[2025-11-04T00:25:52.159+0000] {logging_mixin.py:190} INFO - [2025-11-04T00:25:52.159+0000] {dag.py:4180} INFO - Setting next_dagrun for hiring_lineal to None, run_after=None
[2025-11-04T00:25:52.221+0000] {processor.py:208} INFO - Processing /opt/airflow/dags/dag_lineal.py took 1.143 seconds
