[2025-11-03T00:58:30.245+0000] {manager.py:469} INFO - Processing files using up to 1 processes at a time 
[2025-11-03T00:58:30.247+0000] {manager.py:470} INFO - Process each file at most once every 30 seconds
[2025-11-03T00:58:30.248+0000] {manager.py:471} INFO - Checking for new files in /opt/airflow/dags every 300 seconds
[2025-11-03T00:58:30.249+0000] {manager.py:738} INFO - Searching for files in /opt/airflow/dags
[2025-11-03T00:58:30.471+0000] {manager.py:741} INFO - There are 1 files in /opt/airflow/dags
[2025-11-03T00:58:35.096+0000] {manager.py:879} INFO - 
================================================================================
DAG File Processing Stats

File Path                        PID    Runtime      # DAGs    # Errors  Last Runtime    Last Run
-------------------------------  -----  ---------  --------  ----------  --------------  -------------------
/opt/airflow/dags/dag_lineal.py                           1           0  4.45s           2025-11-03T00:58:35
================================================================================
[2025-11-03T00:59:08.605+0000] {manager.py:879} INFO - 
================================================================================
DAG File Processing Stats

File Path                        PID    Runtime      # DAGs    # Errors  Last Runtime    Last Run
-------------------------------  -----  ---------  --------  ----------  --------------  -------------------
/opt/airflow/dags/dag_lineal.py                           1           0  1.31s           2025-11-03T00:59:08
================================================================================
[2025-11-03T00:59:42.337+0000] {manager.py:879} INFO - 
================================================================================
DAG File Processing Stats

File Path                        PID    Runtime      # DAGs    # Errors  Last Runtime    Last Run
-------------------------------  -----  ---------  --------  ----------  --------------  -------------------
/opt/airflow/dags/dag_lineal.py                           1           0  0.91s           2025-11-03T00:59:41
================================================================================
[2025-11-03T01:00:15.140+0000] {manager.py:879} INFO - 
================================================================================
DAG File Processing Stats

File Path                        PID    Runtime      # DAGs    # Errors  Last Runtime    Last Run
-------------------------------  -----  ---------  --------  ----------  --------------  -------------------
/opt/airflow/dags/dag_lineal.py                           1           0  1.01s           2025-11-03T01:00:13
================================================================================
[2025-11-03T01:00:48.381+0000] {manager.py:879} INFO - 
================================================================================
DAG File Processing Stats

File Path                        PID    Runtime      # DAGs    # Errors  Last Runtime    Last Run
-------------------------------  -----  ---------  --------  ----------  --------------  -------------------
/opt/airflow/dags/dag_lineal.py                           1           0  1.01s           2025-11-03T01:00:45
================================================================================
[2025-11-03T01:01:21.395+0000] {manager.py:879} INFO - 
================================================================================
DAG File Processing Stats

File Path                        PID    Runtime      # DAGs    # Errors  Last Runtime    Last Run
-------------------------------  -----  ---------  --------  ----------  --------------  -------------------
/opt/airflow/dags/dag_lineal.py                           1           0  0.91s           2025-11-03T01:01:19
================================================================================
[2025-11-03T01:01:54.423+0000] {manager.py:879} INFO - 
================================================================================
DAG File Processing Stats

File Path                        PID    Runtime      # DAGs    # Errors  Last Runtime    Last Run
-------------------------------  -----  ---------  --------  ----------  --------------  -------------------
/opt/airflow/dags/dag_lineal.py                           1           0  1.01s           2025-11-03T01:01:51
================================================================================
[2025-11-03T01:02:27.403+0000] {manager.py:879} INFO - 
================================================================================
DAG File Processing Stats

File Path                        PID    Runtime      # DAGs    # Errors  Last Runtime    Last Run
-------------------------------  -----  ---------  --------  ----------  --------------  -------------------
/opt/airflow/dags/dag_lineal.py                           1           0  0.81s           2025-11-03T01:02:24
================================================================================
[2025-11-03T01:03:00.414+0000] {manager.py:879} INFO - 
================================================================================
DAG File Processing Stats

File Path                        PID    Runtime      # DAGs    # Errors  Last Runtime    Last Run
-------------------------------  -----  ---------  --------  ----------  --------------  -------------------
/opt/airflow/dags/dag_lineal.py                           1           0  0.81s           2025-11-03T01:02:56
================================================================================
[2025-11-03T01:03:31.395+0000] {manager.py:738} INFO - Searching for files in /opt/airflow/dags
[2025-11-03T01:03:31.568+0000] {manager.py:741} INFO - There are 1 files in /opt/airflow/dags
[2025-11-03T01:03:33.837+0000] {manager.py:451} INFO - Exiting gracefully upon receiving signal 15
[2025-11-03T01:10:05.084+0000] {manager.py:469} INFO - Processing files using up to 1 processes at a time 
[2025-11-03T01:10:05.086+0000] {manager.py:470} INFO - Process each file at most once every 30 seconds
[2025-11-03T01:10:05.087+0000] {manager.py:471} INFO - Checking for new files in /opt/airflow/dags every 300 seconds
[2025-11-03T01:10:05.088+0000] {manager.py:738} INFO - Searching for files in /opt/airflow/dags
[2025-11-03T01:10:05.297+0000] {manager.py:741} INFO - There are 1 files in /opt/airflow/dags
[2025-11-03T01:10:06.622+0000] {manager.py:879} INFO - 
================================================================================
DAG File Processing Stats

File Path                        PID    Runtime      # DAGs    # Errors  Last Runtime    Last Run
-------------------------------  -----  ---------  --------  ----------  --------------  -------------------
/opt/airflow/dags/dag_lineal.py                           1           0  1.21s           2025-11-03T01:10:06
================================================================================
[2025-11-03T01:10:39.948+0000] {manager.py:879} INFO - 
================================================================================
DAG File Processing Stats

File Path                        PID    Runtime      # DAGs    # Errors  Last Runtime    Last Run
-------------------------------  -----  ---------  --------  ----------  --------------  -------------------
/opt/airflow/dags/dag_lineal.py                           1           0  1.93s           2025-11-03T01:10:38
================================================================================
[2025-11-03T01:11:15.789+0000] {manager.py:879} INFO - 
================================================================================
DAG File Processing Stats

File Path                        PID    Runtime      # DAGs    # Errors  Last Runtime    Last Run
-------------------------------  -----  ---------  --------  ----------  --------------  -------------------
/opt/airflow/dags/dag_lineal.py                           1           0  0.81s           2025-11-03T01:11:11
================================================================================
[2025-11-03T01:11:48.625+0000] {manager.py:879} INFO - 
================================================================================
DAG File Processing Stats

File Path                        PID    Runtime      # DAGs    # Errors  Last Runtime    Last Run
-------------------------------  -----  ---------  --------  ----------  --------------  -------------------
/opt/airflow/dags/dag_lineal.py                           1           0  0.82s           2025-11-03T01:11:41
================================================================================
[2025-11-03T01:12:21.489+0000] {manager.py:879} INFO - 
================================================================================
DAG File Processing Stats

File Path                        PID    Runtime      # DAGs    # Errors  Last Runtime    Last Run
-------------------------------  -----  ---------  --------  ----------  --------------  -------------------
/opt/airflow/dags/dag_lineal.py                           1           0  1.01s           2025-11-03T01:12:13
================================================================================
[2025-11-03T01:12:54.456+0000] {manager.py:879} INFO - 
================================================================================
DAG File Processing Stats

File Path                        PID    Runtime      # DAGs    # Errors  Last Runtime    Last Run
-------------------------------  -----  ---------  --------  ----------  --------------  -------------------
/opt/airflow/dags/dag_lineal.py                           1           0  1.12s           2025-11-03T01:12:46
================================================================================
[2025-11-03T01:13:27.407+0000] {manager.py:879} INFO - 
================================================================================
DAG File Processing Stats

File Path                        PID    Runtime      # DAGs    # Errors  Last Runtime    Last Run
-------------------------------  -----  ---------  --------  ----------  --------------  -------------------
/opt/airflow/dags/dag_lineal.py                           1           0  1.02s           2025-11-03T01:13:19
================================================================================
[2025-11-03T01:13:57.771+0000] {manager.py:879} INFO - 
================================================================================
DAG File Processing Stats

File Path                        PID    Runtime      # DAGs    # Errors  Last Runtime    Last Run
-------------------------------  -----  ---------  --------  ----------  --------------  -------------------
/opt/airflow/dags/dag_lineal.py                           1           0  0.91s           2025-11-03T01:13:51
================================================================================
[2025-11-03T01:14:33.121+0000] {manager.py:879} INFO - 
================================================================================
DAG File Processing Stats

File Path                        PID    Runtime      # DAGs    # Errors  Last Runtime    Last Run
-------------------------------  -----  ---------  --------  ----------  --------------  -------------------
/opt/airflow/dags/dag_lineal.py                           1           0  0.81s           2025-11-03T01:14:23
================================================================================
[2025-11-03T01:15:05.382+0000] {manager.py:738} INFO - Searching for files in /opt/airflow/dags
[2025-11-03T01:15:05.546+0000] {manager.py:741} INFO - There are 1 files in /opt/airflow/dags
[2025-11-03T01:15:06.044+0000] {manager.py:879} INFO - 
================================================================================
DAG File Processing Stats

File Path                        PID    Runtime      # DAGs    # Errors  Last Runtime    Last Run
-------------------------------  -----  ---------  --------  ----------  --------------  -------------------
/opt/airflow/dags/dag_lineal.py                           1           0  0.91s           2025-11-03T01:14:57
================================================================================
[2025-11-03T01:15:38.890+0000] {manager.py:879} INFO - 
================================================================================
DAG File Processing Stats

File Path                        PID    Runtime      # DAGs    # Errors  Last Runtime    Last Run
-------------------------------  -----  ---------  --------  ----------  --------------  -------------------
/opt/airflow/dags/dag_lineal.py                           1           0  0.91s           2025-11-03T01:15:29
================================================================================
[2025-11-03T01:16:11.808+0000] {manager.py:879} INFO - 
================================================================================
DAG File Processing Stats

File Path                        PID    Runtime      # DAGs    # Errors  Last Runtime    Last Run
-------------------------------  -----  ---------  --------  ----------  --------------  -------------------
/opt/airflow/dags/dag_lineal.py                           1           0  0.93s           2025-11-03T01:16:02
================================================================================
[2025-11-03T01:16:19.042+0000] {manager.py:451} INFO - Exiting gracefully upon receiving signal 15
[2025-11-03T01:26:41.244+0000] {manager.py:469} INFO - Processing files using up to 1 processes at a time 
[2025-11-03T01:26:41.245+0000] {manager.py:470} INFO - Process each file at most once every 30 seconds
[2025-11-03T01:26:41.246+0000] {manager.py:471} INFO - Checking for new files in /opt/airflow/dags every 300 seconds
[2025-11-03T01:26:41.247+0000] {manager.py:738} INFO - Searching for files in /opt/airflow/dags
[2025-11-03T01:26:41.428+0000] {manager.py:741} INFO - There are 1 files in /opt/airflow/dags
[2025-11-03T01:26:42.965+0000] {manager.py:879} INFO - 
================================================================================
DAG File Processing Stats

File Path                        PID    Runtime      # DAGs    # Errors  Last Runtime    Last Run
-------------------------------  -----  ---------  --------  ----------  --------------  -------------------
/opt/airflow/dags/dag_lineal.py                           1           0  1.42s           2025-11-03T01:26:42
================================================================================
[2025-11-03T01:27:16.141+0000] {manager.py:879} INFO - 
================================================================================
DAG File Processing Stats

File Path                        PID    Runtime      # DAGs    # Errors  Last Runtime    Last Run
-------------------------------  -----  ---------  --------  ----------  --------------  -------------------
/opt/airflow/dags/dag_lineal.py                           1           0  1.31s           2025-11-03T01:27:15
================================================================================
[2025-11-03T01:27:49.482+0000] {manager.py:879} INFO - 
================================================================================
DAG File Processing Stats

File Path                        PID    Runtime      # DAGs    # Errors  Last Runtime    Last Run
-------------------------------  -----  ---------  --------  ----------  --------------  -------------------
/opt/airflow/dags/dag_lineal.py                           1           0  0.91s           2025-11-03T01:27:46
================================================================================
[2025-11-03T01:28:25.195+0000] {manager.py:879} INFO - 
================================================================================
DAG File Processing Stats

File Path                        PID    Runtime      # DAGs    # Errors  Last Runtime    Last Run
-------------------------------  -----  ---------  --------  ----------  --------------  -------------------
/opt/airflow/dags/dag_lineal.py                           1           0  0.81s           2025-11-03T01:28:17
================================================================================
[2025-11-03T01:28:58.237+0000] {manager.py:879} INFO - 
================================================================================
DAG File Processing Stats

File Path                        PID    Runtime      # DAGs    # Errors  Last Runtime    Last Run
-------------------------------  -----  ---------  --------  ----------  --------------  -------------------
/opt/airflow/dags/dag_lineal.py                           1           0  0.91s           2025-11-03T01:28:48
================================================================================
[2025-11-03T01:29:31.128+0000] {manager.py:879} INFO - 
================================================================================
DAG File Processing Stats

File Path                        PID    Runtime      # DAGs    # Errors  Last Runtime    Last Run
-------------------------------  -----  ---------  --------  ----------  --------------  -------------------
/opt/airflow/dags/dag_lineal.py                           1           0  1.11s           2025-11-03T01:29:20
================================================================================
[2025-11-03T01:30:03.923+0000] {manager.py:879} INFO - 
================================================================================
DAG File Processing Stats

File Path                        PID    Runtime      # DAGs    # Errors  Last Runtime    Last Run
-------------------------------  -----  ---------  --------  ----------  --------------  -------------------
/opt/airflow/dags/dag_lineal.py                           1           0  1.01s           2025-11-03T01:29:52
================================================================================
[2025-11-03T01:30:36.919+0000] {manager.py:879} INFO - 
================================================================================
DAG File Processing Stats

File Path                        PID    Runtime      # DAGs    # Errors  Last Runtime    Last Run
-------------------------------  -----  ---------  --------  ----------  --------------  -------------------
/opt/airflow/dags/dag_lineal.py                           1           0  1.01s           2025-11-03T01:30:24
================================================================================
[2025-11-03T01:31:10.066+0000] {manager.py:879} INFO - 
================================================================================
DAG File Processing Stats

File Path                        PID    Runtime      # DAGs    # Errors  Last Runtime    Last Run
-------------------------------  -----  ---------  --------  ----------  --------------  -------------------
/opt/airflow/dags/dag_lineal.py                           1           0  1.01s           2025-11-03T01:30:55
================================================================================
[2025-11-03T01:31:41.303+0000] {manager.py:738} INFO - Searching for files in /opt/airflow/dags
[2025-11-03T01:31:41.466+0000] {manager.py:741} INFO - There are 1 files in /opt/airflow/dags
[2025-11-03T01:31:43.047+0000] {manager.py:879} INFO - 
================================================================================
DAG File Processing Stats

File Path                        PID    Runtime      # DAGs    # Errors  Last Runtime    Last Run
-------------------------------  -----  ---------  --------  ----------  --------------  -------------------
/opt/airflow/dags/dag_lineal.py                           1           0  0.91s           2025-11-03T01:31:26
================================================================================
[2025-11-03T01:32:15.982+0000] {manager.py:879} INFO - 
================================================================================
DAG File Processing Stats

File Path                        PID    Runtime      # DAGs    # Errors  Last Runtime    Last Run
-------------------------------  -----  ---------  --------  ----------  --------------  -------------------
/opt/airflow/dags/dag_lineal.py                           1           0  0.91s           2025-11-03T01:31:58
================================================================================
[2025-11-03T01:32:48.840+0000] {manager.py:879} INFO - 
================================================================================
DAG File Processing Stats

File Path                        PID    Runtime      # DAGs    # Errors  Last Runtime    Last Run
-------------------------------  -----  ---------  --------  ----------  --------------  -------------------
/opt/airflow/dags/dag_lineal.py                           1           0  0.91s           2025-11-03T01:32:29
================================================================================
[2025-11-03T01:33:21.824+0000] {manager.py:879} INFO - 
================================================================================
DAG File Processing Stats

File Path                        PID    Runtime      # DAGs    # Errors  Last Runtime    Last Run
-------------------------------  -----  ---------  --------  ----------  --------------  -------------------
/opt/airflow/dags/dag_lineal.py                           1           0  1.11s           2025-11-03T01:33:00
================================================================================
[2025-11-03T01:33:54.752+0000] {manager.py:879} INFO - 
================================================================================
DAG File Processing Stats

File Path                        PID    Runtime      # DAGs    # Errors  Last Runtime    Last Run
-------------------------------  -----  ---------  --------  ----------  --------------  -------------------
/opt/airflow/dags/dag_lineal.py                           1           0  1.01s           2025-11-03T01:33:32
================================================================================
[2025-11-03T01:34:07.732+0000] {manager.py:451} INFO - Exiting gracefully upon receiving signal 15
[2025-11-03T01:42:28.896+0000] {manager.py:469} INFO - Processing files using up to 1 processes at a time 
[2025-11-03T01:42:28.898+0000] {manager.py:470} INFO - Process each file at most once every 30 seconds
[2025-11-03T01:42:28.898+0000] {manager.py:471} INFO - Checking for new files in /opt/airflow/dags every 300 seconds
[2025-11-03T01:42:28.899+0000] {manager.py:738} INFO - Searching for files in /opt/airflow/dags
[2025-11-03T01:42:29.129+0000] {manager.py:741} INFO - There are 1 files in /opt/airflow/dags
[2025-11-03T01:42:30.710+0000] {manager.py:879} INFO - 
================================================================================
DAG File Processing Stats

File Path                        PID    Runtime      # DAGs    # Errors  Last Runtime    Last Run
-------------------------------  -----  ---------  --------  ----------  --------------  -------------------
/opt/airflow/dags/dag_lineal.py                           1           0  1.42s           2025-11-03T01:42:30
================================================================================
[2025-11-03T01:43:04.019+0000] {manager.py:879} INFO - 
================================================================================
DAG File Processing Stats

File Path                        PID    Runtime      # DAGs    # Errors  Last Runtime    Last Run
-------------------------------  -----  ---------  --------  ----------  --------------  -------------------
/opt/airflow/dags/dag_lineal.py                           1           0  1.31s           2025-11-03T01:43:02
================================================================================
[2025-11-03T01:43:37.317+0000] {manager.py:879} INFO - 
================================================================================
DAG File Processing Stats

File Path                        PID    Runtime      # DAGs    # Errors  Last Runtime    Last Run
-------------------------------  -----  ---------  --------  ----------  --------------  -------------------
/opt/airflow/dags/dag_lineal.py                           1           0  1.11s           2025-11-03T01:43:34
================================================================================
[2025-11-03T01:44:10.724+0000] {manager.py:879} INFO - 
================================================================================
DAG File Processing Stats

File Path                        PID    Runtime      # DAGs    # Errors  Last Runtime    Last Run
-------------------------------  -----  ---------  --------  ----------  --------------  -------------------
/opt/airflow/dags/dag_lineal.py                           1           0  1.01s           2025-11-03T01:44:05
================================================================================
[2025-11-03T01:44:44.344+0000] {manager.py:879} INFO - 
================================================================================
DAG File Processing Stats

File Path                        PID    Runtime      # DAGs    # Errors  Last Runtime    Last Run
-------------------------------  -----  ---------  --------  ----------  --------------  -------------------
/opt/airflow/dags/dag_lineal.py                           1           0  0.91s           2025-11-03T01:44:37
================================================================================
[2025-11-03T01:45:17.392+0000] {manager.py:879} INFO - 
================================================================================
DAG File Processing Stats

File Path                        PID    Runtime      # DAGs    # Errors  Last Runtime    Last Run
-------------------------------  -----  ---------  --------  ----------  --------------  -------------------
/opt/airflow/dags/dag_lineal.py                           1           0  0.91s           2025-11-03T01:45:08
================================================================================
[2025-11-03T01:45:50.322+0000] {manager.py:879} INFO - 
================================================================================
DAG File Processing Stats

File Path                        PID    Runtime      # DAGs    # Errors  Last Runtime    Last Run
-------------------------------  -----  ---------  --------  ----------  --------------  -------------------
/opt/airflow/dags/dag_lineal.py                           1           0  0.83s           2025-11-03T01:45:40
================================================================================
[2025-11-03T01:46:24.701+0000] {manager.py:879} INFO - 
================================================================================
DAG File Processing Stats

File Path                        PID    Runtime      # DAGs    # Errors  Last Runtime    Last Run
-------------------------------  -----  ---------  --------  ----------  --------------  -------------------
/opt/airflow/dags/dag_lineal.py                           1           0  1.11s           2025-11-03T01:46:12
================================================================================
[2025-11-03T01:46:56.038+0000] {manager.py:879} INFO - 
================================================================================
DAG File Processing Stats

File Path                        PID    Runtime      # DAGs    # Errors  Last Runtime    Last Run
-------------------------------  -----  ---------  --------  ----------  --------------  -------------------
/opt/airflow/dags/dag_lineal.py                           1           0  1.41s           2025-11-03T01:46:44
================================================================================
[2025-11-03T01:47:29.107+0000] {manager.py:738} INFO - Searching for files in /opt/airflow/dags
[2025-11-03T01:47:29.282+0000] {manager.py:741} INFO - There are 1 files in /opt/airflow/dags
[2025-11-03T01:47:29.343+0000] {manager.py:879} INFO - 
================================================================================
DAG File Processing Stats

File Path                        PID    Runtime      # DAGs    # Errors  Last Runtime    Last Run
-------------------------------  -----  ---------  --------  ----------  --------------  -------------------
/opt/airflow/dags/dag_lineal.py                           1           0  1.11s           2025-11-03T01:47:16
================================================================================
[2025-11-03T01:48:02.297+0000] {manager.py:879} INFO - 
================================================================================
DAG File Processing Stats

File Path                        PID    Runtime      # DAGs    # Errors  Last Runtime    Last Run
-------------------------------  -----  ---------  --------  ----------  --------------  -------------------
/opt/airflow/dags/dag_lineal.py                           1           0  1.12s           2025-11-03T01:47:47
================================================================================
[2025-11-03T01:48:35.754+0000] {manager.py:879} INFO - 
================================================================================
DAG File Processing Stats

File Path                        PID    Runtime      # DAGs    # Errors  Last Runtime    Last Run
-------------------------------  -----  ---------  --------  ----------  --------------  -------------------
/opt/airflow/dags/dag_lineal.py                           1           0  0.91s           2025-11-03T01:48:19
================================================================================
[2025-11-03T01:49:08.750+0000] {manager.py:879} INFO - 
================================================================================
DAG File Processing Stats

File Path                        PID    Runtime      # DAGs    # Errors  Last Runtime    Last Run
-------------------------------  -----  ---------  --------  ----------  --------------  -------------------
/opt/airflow/dags/dag_lineal.py                           1           0  1.01s           2025-11-03T01:48:50
================================================================================
[2025-11-03T01:49:41.711+0000] {manager.py:879} INFO - 
================================================================================
DAG File Processing Stats

File Path                        PID    Runtime      # DAGs    # Errors  Last Runtime    Last Run
-------------------------------  -----  ---------  --------  ----------  --------------  -------------------
/opt/airflow/dags/dag_lineal.py                           1           0  0.91s           2025-11-03T01:49:21
================================================================================
[2025-11-03T01:50:14.609+0000] {manager.py:879} INFO - 
================================================================================
DAG File Processing Stats

File Path                        PID    Runtime      # DAGs    # Errors  Last Runtime    Last Run
-------------------------------  -----  ---------  --------  ----------  --------------  -------------------
/opt/airflow/dags/dag_lineal.py                           1           0  0.92s           2025-11-03T01:49:53
================================================================================
[2025-11-03T01:50:27.059+0000] {manager.py:451} INFO - Exiting gracefully upon receiving signal 15
[2025-11-03T02:04:03.772+0000] {manager.py:469} INFO - Processing files using up to 1 processes at a time 
[2025-11-03T02:04:03.773+0000] {manager.py:470} INFO - Process each file at most once every 30 seconds
[2025-11-03T02:04:03.774+0000] {manager.py:471} INFO - Checking for new files in /opt/airflow/dags every 300 seconds
[2025-11-03T02:04:03.775+0000] {manager.py:738} INFO - Searching for files in /opt/airflow/dags
[2025-11-03T02:04:03.985+0000] {manager.py:741} INFO - There are 1 files in /opt/airflow/dags
[2025-11-03T02:04:05.141+0000] {manager.py:879} INFO - 
================================================================================
DAG File Processing Stats

File Path                        PID    Runtime      # DAGs    # Errors  Last Runtime    Last Run
-------------------------------  -----  ---------  --------  ----------  --------------  -------------------
/opt/airflow/dags/dag_lineal.py                           1           0  1.01s           2025-11-03T02:04:05
================================================================================
[2025-11-03T02:04:40.724+0000] {manager.py:879} INFO - 
================================================================================
DAG File Processing Stats

File Path                        PID    Runtime      # DAGs    # Errors  Last Runtime    Last Run
-------------------------------  -----  ---------  --------  ----------  --------------  -------------------
/opt/airflow/dags/dag_lineal.py                           1           0  1.11s           2025-11-03T02:04:40
================================================================================
[2025-11-03T02:05:14.105+0000] {manager.py:879} INFO - 
================================================================================
DAG File Processing Stats

File Path                        PID    Runtime      # DAGs    # Errors  Last Runtime    Last Run
-------------------------------  -----  ---------  --------  ----------  --------------  -------------------
/opt/airflow/dags/dag_lineal.py                           1           0  0.83s           2025-11-03T02:05:12
================================================================================
[2025-11-03T02:05:47.600+0000] {manager.py:879} INFO - 
================================================================================
DAG File Processing Stats

File Path                        PID    Runtime      # DAGs    # Errors  Last Runtime    Last Run
-------------------------------  -----  ---------  --------  ----------  --------------  -------------------
/opt/airflow/dags/dag_lineal.py                           1           0  0.91s           2025-11-03T02:05:43
================================================================================
[2025-11-03T02:06:21.413+0000] {manager.py:879} INFO - 
================================================================================
DAG File Processing Stats

File Path                        PID    Runtime      # DAGs    # Errors  Last Runtime    Last Run
-------------------------------  -----  ---------  --------  ----------  --------------  -------------------
/opt/airflow/dags/dag_lineal.py                           1           0  1.01s           2025-11-03T02:06:15
================================================================================
[2025-11-03T02:06:54.660+0000] {manager.py:879} INFO - 
================================================================================
DAG File Processing Stats

File Path                        PID    Runtime      # DAGs    # Errors  Last Runtime    Last Run
-------------------------------  -----  ---------  --------  ----------  --------------  -------------------
/opt/airflow/dags/dag_lineal.py                           1           0  0.81s           2025-11-03T02:06:46
================================================================================
[2025-11-03T02:07:27.964+0000] {manager.py:879} INFO - 
================================================================================
DAG File Processing Stats

File Path                        PID    Runtime      # DAGs    # Errors  Last Runtime    Last Run
-------------------------------  -----  ---------  --------  ----------  --------------  -------------------
/opt/airflow/dags/dag_lineal.py                           1           0  1.01s           2025-11-03T02:07:17
================================================================================
[2025-11-03T02:08:01.062+0000] {manager.py:879} INFO - 
================================================================================
DAG File Processing Stats

File Path                        PID    Runtime      # DAGs    # Errors  Last Runtime    Last Run
-------------------------------  -----  ---------  --------  ----------  --------------  -------------------
/opt/airflow/dags/dag_lineal.py                           1           0  1.21s           2025-11-03T02:07:51
================================================================================
[2025-11-03T23:12:42.355+0000] {manager.py:483} INFO - Processing files using up to 1 processes at a time 
[2025-11-03T23:12:42.357+0000] {manager.py:484} INFO - Process each file at most once every 30 seconds
[2025-11-03T23:12:42.358+0000] {manager.py:485} INFO - Checking for new files in /opt/airflow/dags every 300 seconds
[2025-11-03T23:12:42.359+0000] {manager.py:821} INFO - Searching for files in /opt/airflow/dags
[2025-11-03T23:12:42.577+0000] {manager.py:824} INFO - There are 1 files in /opt/airflow/dags
[2025-11-03T23:12:44.409+0000] {manager.py:997} INFO - 
================================================================================
DAG File Processing Stats

File Path                        PID    Runtime      # DAGs    # Errors  Last Runtime    Last Run               Last # of DB Queries
-------------------------------  -----  ---------  --------  ----------  --------------  -------------------  ----------------------
/opt/airflow/dags/dag_lineal.py                           1           0  1.68s           2025-11-03T23:12:44                       9
================================================================================
[2025-11-03T23:13:14.281+0000] {manager.py:997} INFO - 
================================================================================
DAG File Processing Stats

File Path                        PID    Runtime      # DAGs    # Errors  Last Runtime    Last Run               Last # of DB Queries
-------------------------------  -----  ---------  --------  ----------  --------------  -------------------  ----------------------
/opt/airflow/dags/dag_lineal.py                           1           0  1.68s           2025-11-03T23:12:44                       9
================================================================================
[2025-11-03T23:13:44.419+0000] {manager.py:997} INFO - 
================================================================================
DAG File Processing Stats

File Path                        PID    Runtime      # DAGs    # Errors  Last Runtime    Last Run               Last # of DB Queries
-------------------------------  -----  ---------  --------  ----------  --------------  -------------------  ----------------------
/opt/airflow/dags/dag_lineal.py                           1           0  1.43s           2025-11-03T23:13:16                      32
================================================================================
[2025-11-03T23:14:13.801+0000] {manager.py:997} INFO - 
================================================================================
DAG File Processing Stats

File Path                        PID    Runtime      # DAGs    # Errors  Last Runtime    Last Run               Last # of DB Queries
-------------------------------  -----  ---------  --------  ----------  --------------  -------------------  ----------------------
/opt/airflow/dags/dag_lineal.py                           1           0  1.23s           2025-11-03T23:13:49                      10
================================================================================
[2025-11-03T23:14:43.459+0000] {manager.py:997} INFO - 
================================================================================
DAG File Processing Stats

File Path                        PID    Runtime      # DAGs    # Errors  Last Runtime    Last Run               Last # of DB Queries
-------------------------------  -----  ---------  --------  ----------  --------------  -------------------  ----------------------
/opt/airflow/dags/dag_lineal.py                           1           0  1.14s           2025-11-03T23:14:21                      10
================================================================================
[2025-11-03T23:15:04.251+0000] {manager.py:465} INFO - Exiting gracefully upon receiving signal 15
[2025-11-03T23:15:52.553+0000] {manager.py:483} INFO - Processing files using up to 1 processes at a time 
[2025-11-03T23:15:52.555+0000] {manager.py:484} INFO - Process each file at most once every 30 seconds
[2025-11-03T23:15:52.556+0000] {manager.py:485} INFO - Checking for new files in /opt/airflow/dags every 300 seconds
[2025-11-03T23:15:52.556+0000] {manager.py:821} INFO - Searching for files in /opt/airflow/dags
[2025-11-03T23:15:52.777+0000] {manager.py:824} INFO - There are 1 files in /opt/airflow/dags
[2025-11-03T23:15:54.182+0000] {manager.py:997} INFO - 
================================================================================
DAG File Processing Stats

File Path                        PID    Runtime      # DAGs    # Errors  Last Runtime    Last Run               Last # of DB Queries
-------------------------------  -----  ---------  --------  ----------  --------------  -------------------  ----------------------
/opt/airflow/dags/dag_lineal.py                           1           0  1.27s           2025-11-03T23:15:54                      10
================================================================================
[2025-11-03T23:16:26.982+0000] {manager.py:997} INFO - 
================================================================================
DAG File Processing Stats

File Path                        PID    Runtime      # DAGs    # Errors  Last Runtime    Last Run               Last # of DB Queries
-------------------------------  -----  ---------  --------  ----------  --------------  -------------------  ----------------------
/opt/airflow/dags/dag_lineal.py                           1           0  1.13s           2025-11-03T23:16:26                      10
================================================================================
[2025-11-03T23:16:56.891+0000] {manager.py:997} INFO - 
================================================================================
DAG File Processing Stats

File Path                        PID    Runtime      # DAGs    # Errors  Last Runtime    Last Run               Last # of DB Queries
-------------------------------  -----  ---------  --------  ----------  --------------  -------------------  ----------------------
/opt/airflow/dags/dag_lineal.py                           1           0  1.13s           2025-11-03T23:16:26                      10
================================================================================
[2025-11-03T23:17:26.666+0000] {manager.py:997} INFO - 
================================================================================
DAG File Processing Stats

File Path                        PID    Runtime      # DAGs    # Errors  Last Runtime    Last Run               Last # of DB Queries
-------------------------------  -----  ---------  --------  ----------  --------------  -------------------  ----------------------
/opt/airflow/dags/dag_lineal.py                           1           0  1.44s           2025-11-03T23:16:58                      10
================================================================================
[2025-11-03T23:17:56.156+0000] {manager.py:997} INFO - 
================================================================================
DAG File Processing Stats

File Path                        PID    Runtime      # DAGs    # Errors  Last Runtime    Last Run               Last # of DB Queries
-------------------------------  -----  ---------  --------  ----------  --------------  -------------------  ----------------------
/opt/airflow/dags/dag_lineal.py                           1           0  1.26s           2025-11-03T23:17:30                      10
================================================================================
[2025-11-03T23:18:25.457+0000] {manager.py:997} INFO - 
================================================================================
DAG File Processing Stats

File Path                        PID    Runtime      # DAGs    # Errors  Last Runtime    Last Run               Last # of DB Queries
-------------------------------  -----  ---------  --------  ----------  --------------  -------------------  ----------------------
/opt/airflow/dags/dag_lineal.py                           1           0  1.03s           2025-11-03T23:18:01                      10
================================================================================
[2025-11-03T23:18:55.525+0000] {manager.py:997} INFO - 
================================================================================
DAG File Processing Stats

File Path                        PID    Runtime      # DAGs    # Errors  Last Runtime    Last Run               Last # of DB Queries
-------------------------------  -----  ---------  --------  ----------  --------------  -------------------  ----------------------
/opt/airflow/dags/dag_lineal.py                           1           0  1.03s           2025-11-03T23:18:32                      10
================================================================================
[2025-11-03T23:19:22.082+0000] {manager.py:465} INFO - Exiting gracefully upon receiving signal 15
[2025-11-03T23:21:43.105+0000] {manager.py:483} INFO - Processing files using up to 1 processes at a time 
[2025-11-03T23:21:43.107+0000] {manager.py:484} INFO - Process each file at most once every 30 seconds
[2025-11-03T23:21:43.108+0000] {manager.py:485} INFO - Checking for new files in /opt/airflow/dags every 300 seconds
[2025-11-03T23:21:43.110+0000] {manager.py:821} INFO - Searching for files in /opt/airflow/dags
[2025-11-03T23:21:43.331+0000] {manager.py:824} INFO - There are 1 files in /opt/airflow/dags
[2025-11-03T23:21:46.150+0000] {manager.py:997} INFO - 
================================================================================
DAG File Processing Stats

File Path                        PID    Runtime      # DAGs    # Errors  Last Runtime    Last Run               Last # of DB Queries
-------------------------------  -----  ---------  --------  ----------  --------------  -------------------  ----------------------
/opt/airflow/dags/dag_lineal.py                           1           0  2.62s           2025-11-03T23:21:46                      10
================================================================================
[2025-11-03T23:22:15.292+0000] {manager.py:997} INFO - 
================================================================================
DAG File Processing Stats

File Path                        PID    Runtime      # DAGs    # Errors  Last Runtime    Last Run               Last # of DB Queries
-------------------------------  -----  ---------  --------  ----------  --------------  -------------------  ----------------------
/opt/airflow/dags/dag_lineal.py                           1           0  2.62s           2025-11-03T23:21:46                      10
================================================================================
[2025-11-03T23:22:46.683+0000] {manager.py:997} INFO - 
================================================================================
DAG File Processing Stats

File Path                        PID    Runtime      # DAGs    # Errors  Last Runtime    Last Run               Last # of DB Queries
-------------------------------  -----  ---------  --------  ----------  --------------  -------------------  ----------------------
/opt/airflow/dags/dag_lineal.py                           1           0  2.65s           2025-11-03T23:22:46                      10
================================================================================
[2025-11-03T23:23:21.646+0000] {manager.py:997} INFO - 
================================================================================
DAG File Processing Stats

File Path                        PID    Runtime      # DAGs    # Errors  Last Runtime    Last Run               Last # of DB Queries
-------------------------------  -----  ---------  --------  ----------  --------------  -------------------  ----------------------
/opt/airflow/dags/dag_lineal.py                           1           0  1.15s           2025-11-03T23:23:21                      10
================================================================================
[2025-11-03T23:23:51.145+0000] {manager.py:997} INFO - 
================================================================================
DAG File Processing Stats

File Path                        PID    Runtime      # DAGs    # Errors  Last Runtime    Last Run               Last # of DB Queries
-------------------------------  -----  ---------  --------  ----------  --------------  -------------------  ----------------------
/opt/airflow/dags/dag_lineal.py                           1           0  1.15s           2025-11-03T23:23:21                      10
================================================================================
[2025-11-03T23:24:20.352+0000] {manager.py:997} INFO - 
================================================================================
DAG File Processing Stats

File Path                        PID    Runtime      # DAGs    # Errors  Last Runtime    Last Run               Last # of DB Queries
-------------------------------  -----  ---------  --------  ----------  --------------  -------------------  ----------------------
/opt/airflow/dags/dag_lineal.py                           1           0  1.15s           2025-11-03T23:23:53                      10
================================================================================
[2025-11-03T23:24:49.861+0000] {manager.py:997} INFO - 
================================================================================
DAG File Processing Stats

File Path                        PID    Runtime      # DAGs    # Errors  Last Runtime    Last Run               Last # of DB Queries
-------------------------------  -----  ---------  --------  ----------  --------------  -------------------  ----------------------
/opt/airflow/dags/dag_lineal.py                           1           0  1.45s           2025-11-03T23:24:25                      10
================================================================================
[2025-11-03T23:25:19.728+0000] {manager.py:997} INFO - 
================================================================================
DAG File Processing Stats

File Path                        PID    Runtime      # DAGs    # Errors  Last Runtime    Last Run               Last # of DB Queries
-------------------------------  -----  ---------  --------  ----------  --------------  -------------------  ----------------------
/opt/airflow/dags/dag_lineal.py                           1           0  1.24s           2025-11-03T23:24:58                      10
================================================================================
[2025-11-03T23:25:38.173+0000] {manager.py:465} INFO - Exiting gracefully upon receiving signal 15
[2025-11-03T23:26:09.513+0000] {manager.py:483} INFO - Processing files using up to 1 processes at a time 
[2025-11-03T23:26:09.514+0000] {manager.py:484} INFO - Process each file at most once every 30 seconds
[2025-11-03T23:26:09.515+0000] {manager.py:485} INFO - Checking for new files in /opt/airflow/dags every 300 seconds
[2025-11-03T23:26:09.517+0000] {manager.py:821} INFO - Searching for files in /opt/airflow/dags
[2025-11-03T23:26:09.736+0000] {manager.py:824} INFO - There are 1 files in /opt/airflow/dags
[2025-11-03T23:26:11.247+0000] {manager.py:997} INFO - 
================================================================================
DAG File Processing Stats

File Path                        PID    Runtime      # DAGs    # Errors  Last Runtime    Last Run               Last # of DB Queries
-------------------------------  -----  ---------  --------  ----------  --------------  -------------------  ----------------------
/opt/airflow/dags/dag_lineal.py                           1           0  1.35s           2025-11-03T23:26:11                      10
================================================================================
[2025-11-03T23:26:40.396+0000] {manager.py:997} INFO - 
================================================================================
DAG File Processing Stats

File Path                        PID    Runtime      # DAGs    # Errors  Last Runtime    Last Run               Last # of DB Queries
-------------------------------  -----  ---------  --------  ----------  --------------  -------------------  ----------------------
/opt/airflow/dags/dag_lineal.py                           1           0  1.35s           2025-11-03T23:26:11                      10
================================================================================
[2025-11-03T23:27:10.465+0000] {manager.py:997} INFO - 
================================================================================
DAG File Processing Stats

File Path                        PID    Runtime      # DAGs    # Errors  Last Runtime    Last Run               Last # of DB Queries
-------------------------------  -----  ---------  --------  ----------  --------------  -------------------  ----------------------
/opt/airflow/dags/dag_lineal.py                           1           0  1.23s           2025-11-03T23:26:42                      10
================================================================================
[2025-11-03T23:27:39.563+0000] {manager.py:997} INFO - 
================================================================================
DAG File Processing Stats

File Path                        PID    Runtime      # DAGs    # Errors  Last Runtime    Last Run               Last # of DB Queries
-------------------------------  -----  ---------  --------  ----------  --------------  -------------------  ----------------------
/opt/airflow/dags/dag_lineal.py                           1           0  1.22s           2025-11-03T23:27:15                      10
================================================================================
[2025-11-03T23:28:08.698+0000] {manager.py:997} INFO - 
================================================================================
DAG File Processing Stats

File Path                        PID    Runtime      # DAGs    # Errors  Last Runtime    Last Run               Last # of DB Queries
-------------------------------  -----  ---------  --------  ----------  --------------  -------------------  ----------------------
/opt/airflow/dags/dag_lineal.py                           1           0  1.54s           2025-11-03T23:27:46                      10
================================================================================
[2025-11-03T23:28:37.799+0000] {manager.py:997} INFO - 
================================================================================
DAG File Processing Stats

File Path                        PID    Runtime      # DAGs    # Errors  Last Runtime    Last Run               Last # of DB Queries
-------------------------------  -----  ---------  --------  ----------  --------------  -------------------  ----------------------
/opt/airflow/dags/dag_lineal.py                           1           0  1.27s           2025-11-03T23:28:18                      10
================================================================================
[2025-11-03T23:28:56.152+0000] {manager.py:465} INFO - Exiting gracefully upon receiving signal 15
[2025-11-03T23:30:27.014+0000] {manager.py:483} INFO - Processing files using up to 1 processes at a time 
[2025-11-03T23:30:27.015+0000] {manager.py:484} INFO - Process each file at most once every 30 seconds
[2025-11-03T23:30:27.016+0000] {manager.py:485} INFO - Checking for new files in /opt/airflow/dags every 300 seconds
[2025-11-03T23:30:27.017+0000] {manager.py:821} INFO - Searching for files in /opt/airflow/dags
[2025-11-03T23:30:27.247+0000] {manager.py:824} INFO - There are 1 files in /opt/airflow/dags
[2025-11-03T23:30:28.868+0000] {manager.py:997} INFO - 
================================================================================
DAG File Processing Stats

File Path                        PID    Runtime      # DAGs    # Errors  Last Runtime    Last Run               Last # of DB Queries
-------------------------------  -----  ---------  --------  ----------  --------------  -------------------  ----------------------
/opt/airflow/dags/dag_lineal.py                           1           0  1.44s           2025-11-03T23:30:28                      10
================================================================================
[2025-11-03T23:30:58.005+0000] {manager.py:997} INFO - 
================================================================================
DAG File Processing Stats

File Path                        PID    Runtime      # DAGs    # Errors  Last Runtime    Last Run               Last # of DB Queries
-------------------------------  -----  ---------  --------  ----------  --------------  -------------------  ----------------------
/opt/airflow/dags/dag_lineal.py                           1           0  1.44s           2025-11-03T23:30:28                      10
================================================================================
[2025-11-03T23:31:27.855+0000] {manager.py:997} INFO - 
================================================================================
DAG File Processing Stats

File Path                        PID    Runtime      # DAGs    # Errors  Last Runtime    Last Run               Last # of DB Queries
-------------------------------  -----  ---------  --------  ----------  --------------  -------------------  ----------------------
/opt/airflow/dags/dag_lineal.py                           1           0  1.06s           2025-11-03T23:31:00                      10
================================================================================
[2025-11-03T23:31:36.563+0000] {manager.py:465} INFO - Exiting gracefully upon receiving signal 15
[2025-11-03T23:34:15.468+0000] {manager.py:483} INFO - Processing files using up to 1 processes at a time 
[2025-11-03T23:34:15.469+0000] {manager.py:484} INFO - Process each file at most once every 30 seconds
[2025-11-03T23:34:15.471+0000] {manager.py:485} INFO - Checking for new files in /opt/airflow/dags every 300 seconds
[2025-11-03T23:34:15.472+0000] {manager.py:821} INFO - Searching for files in /opt/airflow/dags
[2025-11-03T23:34:15.693+0000] {manager.py:824} INFO - There are 1 files in /opt/airflow/dags
[2025-11-03T23:34:17.090+0000] {manager.py:997} INFO - 
================================================================================
DAG File Processing Stats

File Path                        PID    Runtime      # DAGs    # Errors  Last Runtime    Last Run               Last # of DB Queries
-------------------------------  -----  ---------  --------  ----------  --------------  -------------------  ----------------------
/opt/airflow/dags/dag_lineal.py                           1           0  1.24s           2025-11-03T23:34:17                      10
================================================================================
[2025-11-03T23:34:46.441+0000] {manager.py:997} INFO - 
================================================================================
DAG File Processing Stats

File Path                        PID    Runtime      # DAGs    # Errors  Last Runtime    Last Run               Last # of DB Queries
-------------------------------  -----  ---------  --------  ----------  --------------  -------------------  ----------------------
/opt/airflow/dags/dag_lineal.py                           1           0  1.24s           2025-11-03T23:34:17                      10
================================================================================
[2025-11-03T23:35:16.216+0000] {manager.py:997} INFO - 
================================================================================
DAG File Processing Stats

File Path                        PID    Runtime      # DAGs    # Errors  Last Runtime    Last Run               Last # of DB Queries
-------------------------------  -----  ---------  --------  ----------  --------------  -------------------  ----------------------
/opt/airflow/dags/dag_lineal.py                           1           0  1.25s           2025-11-03T23:34:48                      10
================================================================================
[2025-11-03T23:35:45.183+0000] {manager.py:997} INFO - 
================================================================================
DAG File Processing Stats

File Path                        PID    Runtime      # DAGs    # Errors  Last Runtime    Last Run               Last # of DB Queries
-------------------------------  -----  ---------  --------  ----------  --------------  -------------------  ----------------------
/opt/airflow/dags/dag_lineal.py                           1           0  1.14s           2025-11-03T23:35:20                      10
================================================================================
[2025-11-03T23:36:14.642+0000] {manager.py:997} INFO - 
================================================================================
DAG File Processing Stats

File Path                        PID    Runtime      # DAGs    # Errors  Last Runtime    Last Run               Last # of DB Queries
-------------------------------  -----  ---------  --------  ----------  --------------  -------------------  ----------------------
/opt/airflow/dags/dag_lineal.py                           1           0  1.35s           2025-11-03T23:35:53                      10
================================================================================
[2025-11-03T23:36:43.943+0000] {manager.py:997} INFO - 
================================================================================
DAG File Processing Stats

File Path                        PID    Runtime      # DAGs    # Errors  Last Runtime    Last Run               Last # of DB Queries
-------------------------------  -----  ---------  --------  ----------  --------------  -------------------  ----------------------
/opt/airflow/dags/dag_lineal.py                           1           0  -0.04s          2025-11-03T23:36:23                      10
================================================================================
[2025-11-03T23:37:13.487+0000] {manager.py:997} INFO - 
================================================================================
DAG File Processing Stats

File Path                        PID    Runtime      # DAGs    # Errors  Last Runtime    Last Run               Last # of DB Queries
-------------------------------  -----  ---------  --------  ----------  --------------  -------------------  ----------------------
/opt/airflow/dags/dag_lineal.py                           1           0  1.14s           2025-11-03T23:36:55                      10
================================================================================
[2025-11-03T23:37:42.822+0000] {manager.py:997} INFO - 
================================================================================
DAG File Processing Stats

File Path                        PID    Runtime      # DAGs    # Errors  Last Runtime    Last Run               Last # of DB Queries
-------------------------------  -----  ---------  --------  ----------  --------------  -------------------  ----------------------
/opt/airflow/dags/dag_lineal.py                           1           0  1.35s           2025-11-03T23:37:27                      10
================================================================================
[2025-11-03T23:38:04.720+0000] {manager.py:465} INFO - Exiting gracefully upon receiving signal 15
[2025-11-03T23:44:06.371+0000] {manager.py:483} INFO - Processing files using up to 1 processes at a time 
[2025-11-03T23:44:06.372+0000] {manager.py:484} INFO - Process each file at most once every 30 seconds
[2025-11-03T23:44:06.373+0000] {manager.py:485} INFO - Checking for new files in /opt/airflow/dags every 300 seconds
[2025-11-03T23:44:06.374+0000] {manager.py:821} INFO - Searching for files in /opt/airflow/dags
[2025-11-03T23:44:06.599+0000] {manager.py:824} INFO - There are 1 files in /opt/airflow/dags
[2025-11-03T23:44:08.524+0000] {manager.py:997} INFO - 
================================================================================
DAG File Processing Stats

File Path                        PID    Runtime      # DAGs    # Errors  Last Runtime    Last Run               Last # of DB Queries
-------------------------------  -----  ---------  --------  ----------  --------------  -------------------  ----------------------
/opt/airflow/dags/dag_lineal.py                           1           0  1.75s           2025-11-03T23:44:08                      10
================================================================================
[2025-11-03T23:44:37.554+0000] {manager.py:997} INFO - 
================================================================================
DAG File Processing Stats

File Path                        PID    Runtime      # DAGs    # Errors  Last Runtime    Last Run               Last # of DB Queries
-------------------------------  -----  ---------  --------  ----------  --------------  -------------------  ----------------------
/opt/airflow/dags/dag_lineal.py                           1           0  1.75s           2025-11-03T23:44:08                      10
================================================================================
[2025-11-03T23:45:06.935+0000] {manager.py:997} INFO - 
================================================================================
DAG File Processing Stats

File Path                        PID    Runtime      # DAGs    # Errors  Last Runtime    Last Run               Last # of DB Queries
-------------------------------  -----  ---------  --------  ----------  --------------  -------------------  ----------------------
/opt/airflow/dags/dag_lineal.py                           1           0  1.34s           2025-11-03T23:44:40                      10
================================================================================
[2025-11-03T23:45:36.786+0000] {manager.py:997} INFO - 
================================================================================
DAG File Processing Stats

File Path                        PID    Runtime      # DAGs    # Errors  Last Runtime    Last Run               Last # of DB Queries
-------------------------------  -----  ---------  --------  ----------  --------------  -------------------  ----------------------
/opt/airflow/dags/dag_lineal.py                           1           0  1.54s           2025-11-03T23:45:12                      10
================================================================================
[2025-11-03T23:46:08.531+0000] {manager.py:997} INFO - 
================================================================================
DAG File Processing Stats

File Path                        PID    Runtime      # DAGs    # Errors  Last Runtime    Last Run               Last # of DB Queries
-------------------------------  -----  ---------  --------  ----------  --------------  -------------------  ----------------------
/opt/airflow/dags/dag_lineal.py                           1           0  1.46s           2025-11-03T23:45:44                      10
================================================================================
[2025-11-03T23:46:37.440+0000] {manager.py:997} INFO - 
================================================================================
DAG File Processing Stats

File Path                        PID    Runtime      # DAGs    # Errors  Last Runtime    Last Run               Last # of DB Queries
-------------------------------  -----  ---------  --------  ----------  --------------  -------------------  ----------------------
/opt/airflow/dags/dag_lineal.py                           1           0  1.44s           2025-11-03T23:46:16                      10
================================================================================
[2025-11-03T23:47:06.555+0000] {manager.py:997} INFO - 
================================================================================
DAG File Processing Stats

File Path                        PID    Runtime      # DAGs    # Errors  Last Runtime    Last Run               Last # of DB Queries
-------------------------------  -----  ---------  --------  ----------  --------------  -------------------  ----------------------
/opt/airflow/dags/dag_lineal.py                           1           0  1.75s           2025-11-03T23:46:48                      10
================================================================================
[2025-11-03T23:47:35.589+0000] {manager.py:997} INFO - 
================================================================================
DAG File Processing Stats

File Path                        PID    Runtime      # DAGs    # Errors  Last Runtime    Last Run               Last # of DB Queries
-------------------------------  -----  ---------  --------  ----------  --------------  -------------------  ----------------------
/opt/airflow/dags/dag_lineal.py                           1           0  1.34s           2025-11-03T23:47:20                      10
================================================================================
[2025-11-03T23:48:04.591+0000] {manager.py:997} INFO - 
================================================================================
DAG File Processing Stats

File Path                        PID    Runtime      # DAGs    # Errors  Last Runtime    Last Run               Last # of DB Queries
-------------------------------  -----  ---------  --------  ----------  --------------  -------------------  ----------------------
/opt/airflow/dags/dag_lineal.py                           1           0  1.43s           2025-11-03T23:47:53                      10
================================================================================
[2025-11-03T23:48:33.609+0000] {manager.py:997} INFO - 
================================================================================
DAG File Processing Stats

File Path                        PID    Runtime      # DAGs    # Errors  Last Runtime    Last Run               Last # of DB Queries
-------------------------------  -----  ---------  --------  ----------  --------------  -------------------  ----------------------
/opt/airflow/dags/dag_lineal.py                           1           0  0.38s           2025-11-03T23:48:24                      10
================================================================================
[2025-11-03T23:49:02.705+0000] {manager.py:997} INFO - 
================================================================================
DAG File Processing Stats

File Path                        PID    Runtime      # DAGs    # Errors  Last Runtime    Last Run               Last # of DB Queries
-------------------------------  -----  ---------  --------  ----------  --------------  -------------------  ----------------------
/opt/airflow/dags/dag_lineal.py                           1           0  1.35s           2025-11-03T23:48:56                      10
================================================================================
[2025-11-03T23:49:06.752+0000] {manager.py:821} INFO - Searching for files in /opt/airflow/dags
[2025-11-03T23:49:06.973+0000] {manager.py:824} INFO - There are 1 files in /opt/airflow/dags
[2025-11-03T23:49:31.876+0000] {manager.py:997} INFO - 
================================================================================
DAG File Processing Stats

File Path                        PID    Runtime      # DAGs    # Errors  Last Runtime    Last Run               Last # of DB Queries
-------------------------------  -----  ---------  --------  ----------  --------------  -------------------  ----------------------
/opt/airflow/dags/dag_lineal.py                           1           0  1.18s           2025-11-03T23:49:27                      10
================================================================================
[2025-11-03T23:49:56.417+0000] {manager.py:465} INFO - Exiting gracefully upon receiving signal 15
[2025-11-03T23:50:06.832+0000] {manager.py:483} INFO - Processing files using up to 1 processes at a time 
[2025-11-03T23:50:06.834+0000] {manager.py:484} INFO - Process each file at most once every 30 seconds
[2025-11-03T23:50:06.835+0000] {manager.py:485} INFO - Checking for new files in /opt/airflow/dags every 300 seconds
[2025-11-03T23:50:06.835+0000] {manager.py:821} INFO - Searching for files in /opt/airflow/dags
[2025-11-03T23:50:07.050+0000] {manager.py:824} INFO - There are 1 files in /opt/airflow/dags
[2025-11-03T23:50:08.548+0000] {manager.py:997} INFO - 
================================================================================
DAG File Processing Stats

File Path                        PID    Runtime      # DAGs    # Errors  Last Runtime    Last Run               Last # of DB Queries
-------------------------------  -----  ---------  --------  ----------  --------------  -------------------  ----------------------
/opt/airflow/dags/dag_lineal.py                           1           0  1.36s           2025-11-03T23:50:08                      10
================================================================================
[2025-11-03T23:50:37.329+0000] {manager.py:997} INFO - 
================================================================================
DAG File Processing Stats

File Path                        PID    Runtime      # DAGs    # Errors  Last Runtime    Last Run               Last # of DB Queries
-------------------------------  -----  ---------  --------  ----------  --------------  -------------------  ----------------------
/opt/airflow/dags/dag_lineal.py                           1           0  1.36s           2025-11-03T23:50:08                      10
================================================================================
[2025-11-03T23:51:06.417+0000] {manager.py:997} INFO - 
================================================================================
DAG File Processing Stats

File Path                        PID    Runtime      # DAGs    # Errors  Last Runtime    Last Run               Last # of DB Queries
-------------------------------  -----  ---------  --------  ----------  --------------  -------------------  ----------------------
/opt/airflow/dags/dag_lineal.py                           1           0  1.12s           2025-11-03T23:50:39                      10
================================================================================
[2025-11-03T23:51:35.616+0000] {manager.py:997} INFO - 
================================================================================
DAG File Processing Stats

File Path                        PID    Runtime      # DAGs    # Errors  Last Runtime    Last Run               Last # of DB Queries
-------------------------------  -----  ---------  --------  ----------  --------------  -------------------  ----------------------
/opt/airflow/dags/dag_lineal.py                           1           0  1.24s           2025-11-03T23:51:11                      10
================================================================================
[2025-11-03T23:52:04.852+0000] {manager.py:997} INFO - 
================================================================================
DAG File Processing Stats

File Path                        PID    Runtime      # DAGs    # Errors  Last Runtime    Last Run               Last # of DB Queries
-------------------------------  -----  ---------  --------  ----------  --------------  -------------------  ----------------------
/opt/airflow/dags/dag_lineal.py                           1           0  1.54s           2025-11-03T23:51:43                      10
================================================================================
[2025-11-03T23:52:33.628+0000] {manager.py:997} INFO - 
================================================================================
DAG File Processing Stats

File Path                        PID    Runtime      # DAGs    # Errors  Last Runtime    Last Run               Last # of DB Queries
-------------------------------  -----  ---------  --------  ----------  --------------  -------------------  ----------------------
/opt/airflow/dags/dag_lineal.py                           1           0  0.03s           2025-11-03T23:52:14                      10
================================================================================
[2025-11-03T23:53:03.419+0000] {manager.py:997} INFO - 
================================================================================
DAG File Processing Stats

File Path                        PID    Runtime      # DAGs    # Errors  Last Runtime    Last Run               Last # of DB Queries
-------------------------------  -----  ---------  --------  ----------  --------------  -------------------  ----------------------
/opt/airflow/dags/dag_lineal.py                           1           0  1.33s           2025-11-03T23:52:46                      10
================================================================================
[2025-11-03T23:53:31.983+0000] {manager.py:997} INFO - 
================================================================================
DAG File Processing Stats

File Path                        PID    Runtime      # DAGs    # Errors  Last Runtime    Last Run               Last # of DB Queries
-------------------------------  -----  ---------  --------  ----------  --------------  -------------------  ----------------------
/opt/airflow/dags/dag_lineal.py                           1           0  1.35s           2025-11-03T23:53:18                      10
================================================================================
[2025-11-03T23:54:01.701+0000] {manager.py:997} INFO - 
================================================================================
DAG File Processing Stats

File Path                        PID    Runtime      # DAGs    # Errors  Last Runtime    Last Run               Last # of DB Queries
-------------------------------  -----  ---------  --------  ----------  --------------  -------------------  ----------------------
/opt/airflow/dags/dag_lineal.py                           1           0  1.52s           2025-11-03T23:53:49                      10
================================================================================
[2025-11-03T23:54:30.598+0000] {manager.py:997} INFO - 
================================================================================
DAG File Processing Stats

File Path                        PID    Runtime      # DAGs    # Errors  Last Runtime    Last Run               Last # of DB Queries
-------------------------------  -----  ---------  --------  ----------  --------------  -------------------  ----------------------
/opt/airflow/dags/dag_lineal.py                           1           0  1.36s           2025-11-03T23:54:21                      10
================================================================================
[2025-11-03T23:54:59.570+0000] {manager.py:997} INFO - 
================================================================================
DAG File Processing Stats

File Path                        PID    Runtime      # DAGs    # Errors  Last Runtime    Last Run               Last # of DB Queries
-------------------------------  -----  ---------  --------  ----------  --------------  -------------------  ----------------------
/opt/airflow/dags/dag_lineal.py                           1           0  1.33s           2025-11-03T23:54:54                      10
================================================================================
[2025-11-03T23:55:06.960+0000] {manager.py:821} INFO - Searching for files in /opt/airflow/dags
[2025-11-03T23:55:07.144+0000] {manager.py:824} INFO - There are 1 files in /opt/airflow/dags
[2025-11-03T23:55:29.017+0000] {manager.py:997} INFO - 
================================================================================
DAG File Processing Stats

File Path                        PID    Runtime      # DAGs    # Errors  Last Runtime    Last Run               Last # of DB Queries
-------------------------------  -----  ---------  --------  ----------  --------------  -------------------  ----------------------
/opt/airflow/dags/dag_lineal.py                           1           0  1.97s           2025-11-03T23:55:26                      10
================================================================================
[2025-11-03T23:55:58.648+0000] {manager.py:997} INFO - 
================================================================================
DAG File Processing Stats

File Path                        PID    Runtime      # DAGs    # Errors  Last Runtime    Last Run               Last # of DB Queries
-------------------------------  -----  ---------  --------  ----------  --------------  -------------------  ----------------------
/opt/airflow/dags/dag_lineal.py                           1           0  1.13s           2025-11-03T23:55:58                      10
================================================================================
[2025-11-03T23:56:28.117+0000] {manager.py:997} INFO - 
================================================================================
DAG File Processing Stats

File Path                        PID    Runtime      # DAGs    # Errors  Last Runtime    Last Run               Last # of DB Queries
-------------------------------  -----  ---------  --------  ----------  --------------  -------------------  ----------------------
/opt/airflow/dags/dag_lineal.py                           1           0  1.13s           2025-11-03T23:55:58                      10
================================================================================
[2025-11-03T23:56:57.497+0000] {manager.py:997} INFO - 
================================================================================
DAG File Processing Stats

File Path                        PID    Runtime      # DAGs    # Errors  Last Runtime    Last Run               Last # of DB Queries
-------------------------------  -----  ---------  --------  ----------  --------------  -------------------  ----------------------
/opt/airflow/dags/dag_lineal.py                           1           0  1.37s           2025-11-03T23:56:30                      10
================================================================================
[2025-11-03T23:57:25.797+0000] {manager.py:997} INFO - 
================================================================================
DAG File Processing Stats

File Path                        PID    Runtime      # DAGs    # Errors  Last Runtime    Last Run               Last # of DB Queries
-------------------------------  -----  ---------  --------  ----------  --------------  -------------------  ----------------------
/opt/airflow/dags/dag_lineal.py                           1           0  0.96s           2025-11-03T23:57:02                      10
================================================================================
[2025-11-03T23:57:55.367+0000] {manager.py:997} INFO - 
================================================================================
DAG File Processing Stats

File Path                        PID    Runtime      # DAGs    # Errors  Last Runtime    Last Run               Last # of DB Queries
-------------------------------  -----  ---------  --------  ----------  --------------  -------------------  ----------------------
/opt/airflow/dags/dag_lineal.py                           1           0  1.47s           2025-11-03T23:57:35                      10
================================================================================
[2025-11-03T23:58:24.804+0000] {manager.py:997} INFO - 
================================================================================
DAG File Processing Stats

File Path                        PID    Runtime      # DAGs    # Errors  Last Runtime    Last Run               Last # of DB Queries
-------------------------------  -----  ---------  --------  ----------  --------------  -------------------  ----------------------
/opt/airflow/dags/dag_lineal.py                           1           0  1.68s           2025-11-03T23:58:07                      10
================================================================================
[2025-11-03T23:58:53.872+0000] {manager.py:997} INFO - 
================================================================================
DAG File Processing Stats

File Path                        PID    Runtime      # DAGs    # Errors  Last Runtime    Last Run               Last # of DB Queries
-------------------------------  -----  ---------  --------  ----------  --------------  -------------------  ----------------------
/opt/airflow/dags/dag_lineal.py                           1           0  1.64s           2025-11-03T23:58:39                      10
================================================================================
[2025-11-03T23:59:22.839+0000] {manager.py:997} INFO - 
================================================================================
DAG File Processing Stats

File Path                        PID    Runtime      # DAGs    # Errors  Last Runtime    Last Run               Last # of DB Queries
-------------------------------  -----  ---------  --------  ----------  --------------  -------------------  ----------------------
/opt/airflow/dags/dag_lineal.py                           1           0  1.65s           2025-11-03T23:59:09                      32
================================================================================
[2025-11-03T23:59:28.814+0000] {manager.py:465} INFO - Exiting gracefully upon receiving signal 15
[2025-11-04T00:02:39.055+0000] {manager.py:483} INFO - Processing files using up to 1 processes at a time 
[2025-11-04T00:02:39.056+0000] {manager.py:484} INFO - Process each file at most once every 30 seconds
[2025-11-04T00:02:39.057+0000] {manager.py:485} INFO - Checking for new files in /opt/airflow/dags every 300 seconds
[2025-11-04T00:02:39.058+0000] {manager.py:821} INFO - Searching for files in /opt/airflow/dags
[2025-11-04T00:02:39.281+0000] {manager.py:824} INFO - There are 1 files in /opt/airflow/dags
[2025-11-04T00:02:42.680+0000] {manager.py:997} INFO - 
================================================================================
DAG File Processing Stats

File Path                        PID    Runtime      # DAGs    # Errors  Last Runtime    Last Run               Last # of DB Queries
-------------------------------  -----  ---------  --------  ----------  --------------  -------------------  ----------------------
/opt/airflow/dags/dag_lineal.py                           1           0  3.21s           2025-11-04T00:02:42                      10
================================================================================
[2025-11-04T00:03:12.332+0000] {manager.py:997} INFO - 
================================================================================
DAG File Processing Stats

File Path                        PID    Runtime      # DAGs    # Errors  Last Runtime    Last Run               Last # of DB Queries
-------------------------------  -----  ---------  --------  ----------  --------------  -------------------  ----------------------
/opt/airflow/dags/dag_lineal.py                           1           0  3.21s           2025-11-04T00:02:42                      10
================================================================================
[2025-11-04T00:03:41.513+0000] {manager.py:997} INFO - 
================================================================================
DAG File Processing Stats

File Path                        PID    Runtime      # DAGs    # Errors  Last Runtime    Last Run               Last # of DB Queries
-------------------------------  -----  ---------  --------  ----------  --------------  -------------------  ----------------------
/opt/airflow/dags/dag_lineal.py                           1           0  1.25s           2025-11-04T00:03:14                      10
================================================================================
[2025-11-04T00:04:10.389+0000] {manager.py:997} INFO - 
================================================================================
DAG File Processing Stats

File Path                        PID    Runtime      # DAGs    # Errors  Last Runtime    Last Run               Last # of DB Queries
-------------------------------  -----  ---------  --------  ----------  --------------  -------------------  ----------------------
/opt/airflow/dags/dag_lineal.py                           1           0  1.33s           2025-11-04T00:03:47                      10
================================================================================
[2025-11-04T00:04:39.443+0000] {manager.py:997} INFO - 
================================================================================
DAG File Processing Stats

File Path                        PID    Runtime      # DAGs    # Errors  Last Runtime    Last Run               Last # of DB Queries
-------------------------------  -----  ---------  --------  ----------  --------------  -------------------  ----------------------
/opt/airflow/dags/dag_lineal.py                           1           0  1.55s           2025-11-04T00:04:19                      10
================================================================================
[2025-11-04T00:05:08.453+0000] {manager.py:997} INFO - 
================================================================================
DAG File Processing Stats

File Path                        PID    Runtime      # DAGs    # Errors  Last Runtime    Last Run               Last # of DB Queries
-------------------------------  -----  ---------  --------  ----------  --------------  -------------------  ----------------------
/opt/airflow/dags/dag_lineal.py                           1           0  1.65s           2025-11-04T00:04:51                      10
================================================================================
[2025-11-04T00:05:37.650+0000] {manager.py:997} INFO - 
================================================================================
DAG File Processing Stats

File Path                        PID    Runtime      # DAGs    # Errors  Last Runtime    Last Run               Last # of DB Queries
-------------------------------  -----  ---------  --------  ----------  --------------  -------------------  ----------------------
/opt/airflow/dags/dag_lineal.py                           1           0  1.66s           2025-11-04T00:05:23                      10
================================================================================
[2025-11-04T00:06:04.689+0000] {manager.py:465} INFO - Exiting gracefully upon receiving signal 15
[2025-11-04T00:06:19.778+0000] {manager.py:483} INFO - Processing files using up to 1 processes at a time 
[2025-11-04T00:06:19.780+0000] {manager.py:484} INFO - Process each file at most once every 30 seconds
[2025-11-04T00:06:19.782+0000] {manager.py:485} INFO - Checking for new files in /opt/airflow/dags every 300 seconds
[2025-11-04T00:06:19.783+0000] {manager.py:821} INFO - Searching for files in /opt/airflow/dags
[2025-11-04T00:06:20.105+0000] {manager.py:824} INFO - There are 1 files in /opt/airflow/dags
[2025-11-04T00:06:22.174+0000] {manager.py:997} INFO - 
================================================================================
DAG File Processing Stats

File Path                        PID    Runtime      # DAGs    # Errors  Last Runtime    Last Run               Last # of DB Queries
-------------------------------  -----  ---------  --------  ----------  --------------  -------------------  ----------------------
/opt/airflow/dags/dag_lineal.py                           1           0  1.92s           2025-11-04T00:06:22                      10
================================================================================
[2025-11-04T00:06:55.456+0000] {manager.py:997} INFO - 
================================================================================
DAG File Processing Stats

File Path                        PID    Runtime      # DAGs    # Errors  Last Runtime    Last Run               Last # of DB Queries
-------------------------------  -----  ---------  --------  ----------  --------------  -------------------  ----------------------
/opt/airflow/dags/dag_lineal.py                           1           0  1.22s           2025-11-04T00:06:55                      10
================================================================================
[2025-11-04T00:09:40.138+0000] {manager.py:465} INFO - Exiting gracefully upon receiving signal 15
[2025-11-04T00:09:56.289+0000] {manager.py:483} INFO - Processing files using up to 1 processes at a time 
[2025-11-04T00:09:56.290+0000] {manager.py:484} INFO - Process each file at most once every 30 seconds
[2025-11-04T00:09:56.291+0000] {manager.py:485} INFO - Checking for new files in /opt/airflow/dags every 300 seconds
[2025-11-04T00:09:56.292+0000] {manager.py:821} INFO - Searching for files in /opt/airflow/dags
[2025-11-04T00:09:56.664+0000] {manager.py:824} INFO - There are 1 files in /opt/airflow/dags
[2025-11-04T00:09:57.313+0000] {manager.py:997} INFO - 
================================================================================
DAG File Processing Stats

File Path                        PID    Runtime      # DAGs    # Errors  Last Runtime    Last Run               Last # of DB Queries
-------------------------------  -----  ---------  --------  ----------  --------------  -------------------  ----------------------
/opt/airflow/dags/dag_lineal.py                           1           0  0.46s           2025-11-04T00:09:57                      10
================================================================================
[2025-11-04T00:10:57.184+0000] {manager.py:465} INFO - Exiting gracefully upon receiving signal 15
[2025-11-04T00:11:23.088+0000] {manager.py:483} INFO - Processing files using up to 1 processes at a time 
[2025-11-04T00:11:23.089+0000] {manager.py:484} INFO - Process each file at most once every 30 seconds
[2025-11-04T00:11:23.090+0000] {manager.py:485} INFO - Checking for new files in /opt/airflow/dags every 300 seconds
[2025-11-04T00:11:23.091+0000] {manager.py:821} INFO - Searching for files in /opt/airflow/dags
[2025-11-04T00:11:23.410+0000] {manager.py:824} INFO - There are 1 files in /opt/airflow/dags
[2025-11-04T00:11:25.028+0000] {manager.py:997} INFO - 
================================================================================
DAG File Processing Stats

File Path                        PID    Runtime      # DAGs    # Errors  Last Runtime    Last Run               Last # of DB Queries
-------------------------------  -----  ---------  --------  ----------  --------------  -------------------  ----------------------
/opt/airflow/dags/dag_lineal.py                           1           0  1.45s           2025-11-04T00:11:25                      10
================================================================================
[2025-11-04T00:22:23.484+0000] {manager.py:465} INFO - Exiting gracefully upon receiving signal 15
[2025-11-04T00:22:51.641+0000] {manager.py:483} INFO - Processing files using up to 1 processes at a time 
[2025-11-04T00:22:51.642+0000] {manager.py:484} INFO - Process each file at most once every 30 seconds
[2025-11-04T00:22:51.643+0000] {manager.py:485} INFO - Checking for new files in /opt/airflow/dags every 300 seconds
[2025-11-04T00:22:51.645+0000] {manager.py:821} INFO - Searching for files in /opt/airflow/dags
[2025-11-04T00:22:51.950+0000] {manager.py:824} INFO - There are 2 files in /opt/airflow/dags
[2025-11-04T00:22:54.138+0000] {manager.py:997} INFO - 
================================================================================
DAG File Processing Stats

File Path                              PID    Runtime      # DAGs    # Errors  Last Runtime    Last Run               Last # of DB Queries
-------------------------------------  -----  ---------  --------  ----------  --------------  -------------------  ----------------------
/opt/airflow/dags/hiring_functions.py                           0           0  2.05s           2025-11-04T00:22:54                       3
/opt/airflow/dags/dag_lineal.py                                 0           0                                                            0
================================================================================
[2025-11-04T00:25:47.896+0000] {manager.py:465} INFO - Exiting gracefully upon receiving signal 15
[2025-11-04T00:25:48.154+0000] {manager.py:483} INFO - Processing files using up to 1 processes at a time 
[2025-11-04T00:25:48.155+0000] {manager.py:484} INFO - Process each file at most once every 30 seconds
[2025-11-04T00:25:48.156+0000] {manager.py:485} INFO - Checking for new files in /opt/airflow/dags every 300 seconds
[2025-11-04T00:25:48.157+0000] {manager.py:821} INFO - Searching for files in /opt/airflow/dags
[2025-11-04T00:25:48.432+0000] {manager.py:824} INFO - There are 2 files in /opt/airflow/dags
[2025-11-04T00:25:49.796+0000] {manager.py:997} INFO - 
================================================================================
DAG File Processing Stats

File Path                              PID    Runtime      # DAGs    # Errors  Last Runtime    Last Run               Last # of DB Queries
-------------------------------------  -----  ---------  --------  ----------  --------------  -------------------  ----------------------
/opt/airflow/dags/hiring_functions.py                           0           0  1.25s           2025-11-04T00:25:49                       3
/opt/airflow/dags/dag_lineal.py                                 0           0                                                            0
================================================================================
[2025-11-04T01:14:20.300+0000] {manager.py:465} INFO - Exiting gracefully upon receiving signal 15
